<?xml version="1.0" encoding="UTF-8"?>
<!-- Generated by org.testng.reporters.JUnitReportReporter -->
<testsuite skipped="0" hostname="ZL-HYD-LT0072" name="com.report.allurereports" tests="3" failures="0" timestamp="20 Apr 2020 11:52:53 GMT" time="17.829" errors="0">
  <testcase name="jaleshTitleTest" time="0.270" classname="com.report.allurereports"/>
  <testcase name="jaleshLogoTest" time="0.179" classname="com.report.allurereports"/>
  <testcase name="clickSearchTets" time="17.380" classname="com.report.allurereports"/>
</testsuite> <!-- com.report.allurereports -->
